[debug] [2018-10-05T13:14:40.853Z] ----------------------------------------------------------------------
[debug] [2018-10-05T13:14:40.856Z] Command:       C:\Program Files\nodejs\node.exe C:\Users\tmarh\AppData\Roaming\npm\node_modules\firebase-tools\bin\firebase serve
[debug] [2018-10-05T13:14:40.856Z] CLI Version:   4.2.1
[debug] [2018-10-05T13:14:40.856Z] Platform:      win32
[debug] [2018-10-05T13:14:40.856Z] Node Version:  v8.11.3
[debug] [2018-10-05T13:14:40.857Z] Time:          Fri Oct 05 2018 15:14:40 GMT+0200 (Romance Daylight Time)
[debug] [2018-10-05T13:14:40.857Z] ----------------------------------------------------------------------
[debug] 
[debug] [2018-10-05T13:14:40.867Z] > command requires scopes: ["email","openid","https://www.googleapis.com/auth/cloudplatformprojects.readonly","https://www.googleapis.com/auth/firebase","https://www.googleapis.com/auth/cloud-platform"]
[debug] [2018-10-05T13:14:40.868Z] > authorizing via signed-in user
[debug] [2018-10-05T13:14:40.870Z] >>> HTTP REQUEST GET https://admin.firebase.com/v1/projects/angular-ldf  
 
[debug] [2018-10-05T13:14:41.436Z] <<< HTTP RESPONSE 200
[debug] [2018-10-05T13:14:41.437Z] >>> HTTP REQUEST GET https://cloudresourcemanager.googleapis.com/v1/projects/angular-ldf  
 
[debug] [2018-10-05T13:14:42.141Z] <<< HTTP RESPONSE 200
[info] 
[info] === Serving from 'C:\Users\tmarh\Documents\GitKraken Repositories\LdF-Website'...
[info] 
[debug] [2018-10-05T13:14:42.143Z] >>> HTTP REQUEST GET https://mobilesdk-pa.googleapis.com/v1/projects/22760302821/clients/_:getWebAppConfig  
 
[debug] [2018-10-05T13:14:42.366Z] <<< HTTP RESPONSE 200
[info] i  hosting[angular-ldf]: Serving hosting files from: dist/angularLdF
[info] +  hosting[angular-ldf]: Local server: http://localhost:5000
